03/29/2023 03:09:18 PM Processing CV - Andres Pachón EN vFebruary 2022.pdf
03/29/2023 03:09:19 PM Processing Diego_Mendez_Resume__Short_Version___CR_ (1).pdf
03/29/2023 03:09:20 PM Processing Cesar Moreno CV.pdf
03/29/2023 03:09:20 PM Processing CV Melvin Leal.pdf
03/29/2023 03:09:21 PM Processing Andres_Morales_Data_Engineer_2022.pdf
03/29/2023 03:09:21 PM Processing Resume-Franklin-Herrera (1).pdf
03/29/2023 03:09:22 PM Processing Daniel_Ruszel_Resume.pdf
03/29/2023 03:09:23 PM Processing José Luis Gutiérrez Mendoza.docx.pdf
03/29/2023 03:09:23 PM Processing CV - Andres Gutter - EN (1).pdf
03/29/2023 03:09:24 PM Processing YorVega.pdf
03/29/2023 03:09:24 PM Processing 202206 Javier Andújar CV.pdf
03/29/2023 03:09:25 PM Processing CV - Marie Ann Chumbimuni.pdf
03/29/2023 03:09:26 PM Processing Cristian Cepeda - CV.pdf
03/29/2023 03:09:26 PM Processing Andrea Montesinos Rosales CV.pdf
03/29/2023 03:09:27 PM Processing CV_Jose_Onate_Lopez.pdf
03/29/2023 03:09:27 PM Processing Alejandro_Vacca_Bonilla_-_CV.pdf
03/29/2023 03:09:28 PM Processing CV Luis Palacin.pdf
03/29/2023 03:09:29 PM Processing Uriel-CV-2022 (4).pdf
03/29/2023 03:09:29 PM Processing Kabir Gramajo EN-CV.pdf
03/29/2023 03:09:30 PM Processing CV LM (en).pdf
03/29/2023 03:09:30 PM Processing Carlo Espinoza - CV.pdf
03/29/2023 03:09:31 PM Processing CV Sebastian Martinez.pdf
